<?xml version="1.0" encoding="UTF-8"?>
<!-- Generated by org.testng.reporters.JUnitReportReporter -->
<testsuite hostname="Pallavi-Sadhus-MacBook-Air.local" failures="0" tests="3" name="git.branch_assignment.Has22" time="0.020" errors="0" timestamp="2022-12-08T22:23:10 CST" skipped="0">
  <testcase classname="git.branch_assignment.Has22" name="testCase2" time="0.002"/>
  <system-out/>
  <testcase classname="git.branch_assignment.Has22" name="testCase1" time="0.015"/>
  <system-out/>
  <testcase classname="git.branch_assignment.Has22" name="testCase3" time="0.003"/>
  <system-out/>
</testsuite> <!-- git.branch_assignment.Has22 -->
