<?xml version="1.0" encoding="UTF-8"?>
<!-- Generated by org.testng.reporters.JUnitReportReporter -->
<testsuite hostname="Pallavi-Sadhus-MacBook-Air.local" failures="0" tests="3" name="git.branch_assignment.NotReplace" time="0.029" errors="0" timestamp="2022-12-08T21:41:31 CST" skipped="0">
  <testcase classname="git.branch_assignment.NotReplace" name="testCase3" time="0.004"/>
  <system-out/>
  <testcase classname="git.branch_assignment.NotReplace" name="testCase1" time="0.023"/>
  <system-out/>
  <testcase classname="git.branch_assignment.NotReplace" name="testCase2" time="0.002"/>
  <system-out/>
</testsuite> <!-- git.branch_assignment.NotReplace -->
