<?xml version="1.0" encoding="UTF-8"?>
<!-- Generated by org.testng.reporters.JUnitReportReporter -->
<testsuite hostname="Pallavi-Sadhus-MacBook-Air.local" failures="0" tests="3" name="git.branch_assignment.ADDY" time="0.024" errors="0" timestamp="2022-12-09T15:43:19 CST" skipped="0">
  <testcase classname="git.branch_assignment.ADDY" name="testCase3" time="0.004"/>
  <system-out/>
  <testcase classname="git.branch_assignment.ADDY" name="testCase1" time="0.017"/>
  <system-out/>
  <testcase classname="git.branch_assignment.ADDY" name="testCase2" time="0.003"/>
  <system-out/>
</testsuite> <!-- git.branch_assignment.ADDY -->
