<?xml version="1.0" encoding="UTF-8"?>
<!-- Generated by org.testng.reporters.JUnitReportReporter -->
<testsuite hostname="Balajis-MBP.lan" failures="0" tests="4" name="pro_gitbranch.pro2.RepalceIs" time="0.009" errors="0" timestamp="2022-12-09T14:44:29 CST" skipped="0">
  <testcase classname="pro_gitbranch.pro2.RepalceIs" name="test2" time="0.001"/>
  <system-out/>
  <testcase classname="pro_gitbranch.pro2.RepalceIs" name="test4" time="0.001"/>
  <system-out/>
  <testcase classname="pro_gitbranch.pro2.RepalceIs" name="test1" time="0.006"/>
  <system-out/>
  <testcase classname="pro_gitbranch.pro2.RepalceIs" name="test3" time="0.001"/>
  <system-out/>
</testsuite> <!-- pro_gitbranch.pro2.RepalceIs -->
