<?xml version="1.0" encoding="UTF-8"?>
<!-- Generated by org.testng.reporters.JUnitReportReporter -->
<testsuite hostname="DESKTOP-1U92PBD" failures="0" tests="2" name="forkproject.specialscore" time="0.019" errors="0" timestamp="2022-12-09T20:05:46 CST" skipped="0">
  <testcase classname="forkproject.specialscore" name="testrun1" time="0.017"/>
  <system-out/>
  <testcase classname="forkproject.specialscore" name="testrun2" time="0.002"/>
  <system-out/>
</testsuite> <!-- forkproject.specialscore -->
