<?xml version="1.0" encoding="UTF-8"?>
<!-- Generated by org.testng.reporters.JUnitReportReporter -->
<testsuite hostname="Balajis-MBP.lan" failures="0" tests="3" name="moreY.AddMoreY" time="0.014" errors="0" timestamp="2022-12-09T15:43:46 CST" skipped="0">
  <testcase classname="moreY.AddMoreY" name="test2" time="0.001"/>
  <system-out/>
  <testcase classname="moreY.AddMoreY" name="test1" time="0.012"/>
  <system-out/>
  <testcase classname="moreY.AddMoreY" name="test3" time="0.001"/>
  <system-out/>
</testsuite> <!-- moreY.AddMoreY -->
