<?xml version="1.0" encoding="UTF-8"?>
<!-- Generated by org.testng.reporters.JUnitReportReporter -->
<testsuite hostname="DESKTOP-1U92PBD" failures="0" tests="1" name="forkproject.ReplaceString" time="0.020" errors="0" timestamp="2022-12-09T19:26:58 CST" skipped="0">
  <testcase classname="forkproject.ReplaceString" name="testrun1" time="0.020"/>
  <system-out/>
</testsuite> <!-- forkproject.ReplaceString -->
