<?xml version="1.0" encoding="UTF-8"?>
<!-- Generated by org.testng.reporters.JUnitReportReporter -->
<testsuite hostname="Balajis-MBP.lan" failures="0" tests="1" name="pro_gitbranch.pro5.MatchUp" time="0.006" errors="0" timestamp="2022-12-09T14:59:40 CST" skipped="0">
  <testcase classname="pro_gitbranch.pro5.MatchUp" name="test2" time="0.006"/>
  <system-out/>
</testsuite> <!-- pro_gitbranch.pro5.MatchUp -->
