<?xml version="1.0" encoding="UTF-8"?>
<!-- Generated by org.testng.reporters.JUnitReportReporter -->
<testsuite hostname="DESKTOP-1U92PBD" failures="0" tests="3" name="ColorJava.blockString" time="0.016" errors="0" timestamp="2022-12-09T09:35:45 CST" skipped="0">
  <testcase classname="ColorJava.blockString" name="run3" time="0.002"/>
  <system-out/>
  <testcase classname="ColorJava.blockString" name="run1" time="0.012"/>
  <system-out/>
  <testcase classname="ColorJava.blockString" name="run2" time="0.002"/>
  <system-out/>
</testsuite> <!-- ColorJava.blockString -->
