<?xml version="1.0" encoding="UTF-8"?>
<!-- Generated by org.testng.reporters.JUnitReportReporter -->
<testsuite hostname="DESKTOP-1U92PBD" failures="0" tests="3" name="forkproject.BlockString" time="0.013" errors="0" timestamp="2022-12-09T18:28:27 CST" skipped="0">
  <testcase classname="forkproject.BlockString" name="run2" time="0.002"/>
  <system-out/>
  <testcase classname="forkproject.BlockString" name="run3" time="0.002"/>
  <system-out/>
  <testcase classname="forkproject.BlockString" name="run1" time="0.009"/>
  <system-out/>
</testsuite> <!-- forkproject.BlockString -->
